#
# There is insufficient memory for the Java Runtime Environment to continue.
# Native memory allocation (malloc) failed to allocate 1048576 bytes. Error detail: AllocateHeap
# Possible reasons:
#   The system is out of physical RAM or swap space
#   This process is running with CompressedOops enabled, and the Java Heap may be blocking the growth of the native heap
# Possible solutions:
#   Reduce memory load on the system
#   Increase physical memory or swap space
#   Check if swap backing store is full
#   Decrease Java heap size (-Xmx/-Xms)
#   Decrease number of Java threads
#   Decrease Java thread stack sizes (-Xss)
#   Set larger code cache with -XX:ReservedCodeCacheSize=
#   JVM is running with Zero Based Compressed Oops mode in which the Java heap is
#     placed in the first 32GB address space. The Java Heap base address is the
#     maximum limit for the native heap growth. Please use -XX:HeapBaseMinAddress
#     to set the Java Heap base and to place the Java Heap above 32GB virtual address.
# This output file may be truncated or incomplete.
#
#  Out of Memory Error (allocation.cpp:44), pid=12904, tid=29276
#
# JRE version:  (17.0.12+1) (build )
# Java VM: OpenJDK 64-Bit Server VM (17.0.12+1-b1087.25, mixed mode, sharing, tiered, compressed oops, compressed class ptrs, g1 gc, windows-amd64)
# No core dump will be written. Minidumps are not enabled by default on client versions of Windows
#

---------------  S U M M A R Y ------------

Command Line: -javaagent:C:\Program Files\JetBrains\IntelliJ IDEA 2022.2.2\lib\idea_rt.jar=60191:C:\Program Files\JetBrains\IntelliJ IDEA 2022.2.2\bin -Dfile.encoding=UTF-8 ZooManagment

Host: AMD Ryzen 7 4800H with Radeon Graphics         , 16 cores, 15G,  Windows 11 , 64 bit Build 22621 (10.0.22621.3672)
Time: Tue Sep 24 16:34:43 2024 Afr. centrale Ouest elapsed time: 0.015644 seconds (0d 0h 0m 0s)

---------------  T H R E A D  ---------------

Current thread (0x0000019fca1bd2c0):  JavaThread "Unknown thread" [_thread_in_vm, id=29276, stack(0x0000007da2500000,0x0000007da2600000)]

Stack: [0x0000007da2500000,0x0000007da2600000]
Native frames: (J=compiled Java code, j=interpreted, Vv=VM code, C=native code)
V  [jvm.dll+0x688dd9]
V  [jvm.dll+0x842eaa]
V  [jvm.dll+0x844aee]
V  [jvm.dll+0x845153]
V  [jvm.dll+0x24ba3f]
V  [jvm.dll+0xa6cc3]
V  [jvm.dll+0x2eb8a7]
V  [jvm.dll+0x2e356b]
V  [jvm.dll+0x813b31]
V  [jvm.dll+0x3719c1]
V  [jvm.dll+0x7f2626]
V  [jvm.dll+0x3f563f]
V  [jvm.dll+0x3f7191]
C  [jli.dll+0x528f]  JavaMain+0x113  (java.c:413)
C  [ucrtbase.dll+0x29333]
C  [KERNEL32.DLL+0x1257d]
C  [ntdll.dll+0x5af28]


---------------  P R O C E S S  ---------------

Threads class SMR info:
_java_thread_list=0x00007ff82c8f0f58, length=0, elements={
}

Java Threads: ( => current thread )

Other Threads:
  0x0000019fca2278f0 GCTaskThread "GC Thread#0" [stack: 0x0000007da2600000,0x0000007da2700000] [id=32576]

[error occurred during error reporting (printing all threads), id 0xc0000005, EXCEPTION_ACCESS_VIOLATION (0xc0000005) at pc=0x00007ff82c0a07f0]

VM state: not at safepoint (not fully initialized)

VM Mutex/Monitor currently owned by a thread:  ([mutex/lock_event])
[0x0000019fca1b7720] Heap_lock - owner thread: 0x0000019fca1bd2c0

Heap address: 0x0000000709400000, size: 3948 MB, Compressed Oops mode: Zero based, Oop shift amount: 3

CDS archive(s) mapped at: [0x0000000000000000-0x0000000000000000-0x0000000000000000), size 0, SharedBaseAddress: 0x0000000800000000, ArchiveRelocationMode: 1.
Narrow klass base: 0x0000000000000000, Narrow klass shift: 0, Narrow klass range: 0x0

GC Precious Log:
<Empty>

Heap:
 garbage-first heap   total 0K, used 0K [0x0000000709400000, 0x0000000800000000)
  region size 2048K, 0 young (0K), 0 survivors (0K)
 Metaspace       used 0K, committed 0K, reserved 0K
  class space    used 0K, committed 0K, reserved 0K

Heap Regions: E=young(eden), S=young(survivor), O=old, HS=humongous(starts), HC=humongous(continues), CS=collection set, F=free, OA=open archive, CA=closed archive, TAMS=top-at-mark-start (previous, next)

Card table byte_map: [0x0000019fdd9d0000,0x0000019fde190000] _byte_map_base: 0x0000019fda186000

GC Heap History (0 events):
No events

Dll operation events (1 events):
Event: 0.011 Loaded shared library C:\Users\ASUS\.jdks\jbr-17.0.12\bin\java.dll

Deoptimization events (0 events):
No events

Classes unloaded (0 events):
No events

Classes redefined (0 events):
No events

Internal exceptions (0 events):
No events

VM Operations (0 events):
No events

Events (0 events):
No events


Dynamic libraries:
0x00007ff6d62f0000 - 0x00007ff6d62fa000 	C:\Users\ASUS\.jdks\jbr-17.0.12\bin\java.exe
0x00007ff89c170000 - 0x00007ff89c387000 	C:\WINDOWS\SYSTEM32\ntdll.dll
0x00007ff89b6f0000 - 0x00007ff89b7b4000 	C:\WINDOWS\System32\KERNEL32.DLL
0x00007ff899680000 - 0x00007ff899a2c000 	C:\WINDOWS\System32\KERNELBASE.dll
0x00007ff899d60000 - 0x00007ff899e71000 	C:\WINDOWS\System32\ucrtbase.dll
0x00007ff891f40000 - 0x00007ff891f57000 	C:\Users\ASUS\.jdks\jbr-17.0.12\bin\jli.dll
0x00007ff891f20000 - 0x00007ff891f3b000 	C:\Users\ASUS\.jdks\jbr-17.0.12\bin\VCRUNTIME140.dll
0x00007ff89b820000 - 0x00007ff89b9ce000 	C:\WINDOWS\System32\USER32.dll
0x00007ff899470000 - 0x00007ff899496000 	C:\WINDOWS\System32\win32u.dll
0x00007ff89be10000 - 0x00007ff89be39000 	C:\WINDOWS\System32\GDI32.dll
0x00007ff899ad0000 - 0x00007ff899be9000 	C:\WINDOWS\System32\gdi32full.dll
0x00007ff8851f0000 - 0x00007ff885483000 	C:\WINDOWS\WinSxS\amd64_microsoft.windows.common-controls_6595b64144ccf1df_6.0.22621.3672_none_2713b9d173822955\COMCTL32.dll
0x00007ff899a30000 - 0x00007ff899aca000 	C:\WINDOWS\System32\msvcp_win.dll
0x00007ff89bb80000 - 0x00007ff89bc27000 	C:\WINDOWS\System32\msvcrt.dll
0x00007ff89b6b0000 - 0x00007ff89b6e1000 	C:\WINDOWS\System32\IMM32.DLL
0x00007ff894b00000 - 0x00007ff894b0c000 	C:\Users\ASUS\.jdks\jbr-17.0.12\bin\vcruntime140_1.dll
0x00007ff887710000 - 0x00007ff88779d000 	C:\Users\ASUS\.jdks\jbr-17.0.12\bin\msvcp140.dll
0x00007ff82bdb0000 - 0x00007ff82ca35000 	C:\Users\ASUS\.jdks\jbr-17.0.12\bin\server\jvm.dll
0x00007ff89bf20000 - 0x00007ff89bfd2000 	C:\WINDOWS\System32\ADVAPI32.dll
0x00007ff89be60000 - 0x00007ff89bf0a000 	C:\WINDOWS\System32\sechost.dll
0x00007ff899510000 - 0x00007ff899538000 	C:\WINDOWS\System32\bcrypt.dll
0x00007ff89bfe0000 - 0x00007ff89c0f5000 	C:\WINDOWS\System32\RPCRT4.dll
0x00007ff899330000 - 0x00007ff89937d000 	C:\WINDOWS\SYSTEM32\POWRPROF.dll
0x00007ff890ba0000 - 0x00007ff890bd4000 	C:\WINDOWS\SYSTEM32\WINMM.dll
0x00007ff890320000 - 0x00007ff890329000 	C:\WINDOWS\SYSTEM32\WSOCK32.dll
0x00007ff89baa0000 - 0x00007ff89bb11000 	C:\WINDOWS\System32\WS2_32.dll
0x00007ff890ec0000 - 0x00007ff890eca000 	C:\WINDOWS\SYSTEM32\VERSION.dll
0x00007ff899260000 - 0x00007ff899273000 	C:\WINDOWS\SYSTEM32\UMPDC.dll
0x00007ff898410000 - 0x00007ff898428000 	C:\WINDOWS\SYSTEM32\kernel.appcore.dll
0x00007ff8947a0000 - 0x00007ff8947aa000 	C:\Users\ASUS\.jdks\jbr-17.0.12\bin\jimage.dll
0x00007ff88d270000 - 0x00007ff88d4a2000 	C:\WINDOWS\SYSTEM32\DBGHELP.DLL
0x00007ff89a5c0000 - 0x00007ff89a948000 	C:\WINDOWS\System32\combase.dll
0x00007ff899e80000 - 0x00007ff899f57000 	C:\WINDOWS\System32\OLEAUT32.dll
0x00007ff880560000 - 0x00007ff880592000 	C:\WINDOWS\SYSTEM32\dbgcore.DLL
0x00007ff899540000 - 0x00007ff8995bb000 	C:\WINDOWS\System32\bcryptPrimitives.dll
0x00007ff8946d0000 - 0x00007ff8946de000 	C:\Users\ASUS\.jdks\jbr-17.0.12\bin\instrument.dll
0x00007ff88cd30000 - 0x00007ff88cd55000 	C:\Users\ASUS\.jdks\jbr-17.0.12\bin\java.dll

dbghelp: loaded successfully - version: 4.0.5 - missing functions: none
symbol engine: initialized successfully - sym options: 0x614 - pdb path: .;C:\Users\ASUS\.jdks\jbr-17.0.12\bin;C:\WINDOWS\SYSTEM32;C:\WINDOWS\WinSxS\amd64_microsoft.windows.common-controls_6595b64144ccf1df_6.0.22621.3672_none_2713b9d173822955;C:\Users\ASUS\.jdks\jbr-17.0.12\bin\server

VM Arguments:
jvm_args: -javaagent:C:\Program Files\JetBrains\IntelliJ IDEA 2022.2.2\lib\idea_rt.jar=60191:C:\Program Files\JetBrains\IntelliJ IDEA 2022.2.2\bin -Dfile.encoding=UTF-8 
java_command: ZooManagment
java_class_path (initial): C:\Users\ASUS\OneDrive\Desktop\Zoo\Gestion Zoo\out\production\Gestion Zoo
Launcher Type: SUN_STANDARD

[Global flags]
     intx CICompilerCount                          = 12                                        {product} {ergonomic}
     uint ConcGCThreads                            = 3                                         {product} {ergonomic}
     uint G1ConcRefinementThreads                  = 13                                        {product} {ergonomic}
   size_t G1HeapRegionSize                         = 2097152                                   {product} {ergonomic}
    uintx GCDrainStackTargetSize                   = 64                                        {product} {ergonomic}
   size_t InitialHeapSize                          = 260046848                                 {product} {ergonomic}
   size_t MarkStackSize                            = 4194304                                   {product} {ergonomic}
   size_t MaxHeapSize                              = 4139778048                                {product} {ergonomic}
   size_t MinHeapDeltaBytes                        = 2097152                                   {product} {ergonomic}
   size_t MinHeapSize                              = 8388608                                   {product} {ergonomic}
    uintx NonNMethodCodeHeapSize                   = 7602480                                {pd product} {ergonomic}
    uintx NonProfiledCodeHeapSize                  = 122027880                              {pd product} {ergonomic}
    uintx ProfiledCodeHeapSize                     = 122027880                              {pd product} {ergonomic}
    uintx ReservedCodeCacheSize                    = 251658240                              {pd product} {ergonomic}
     bool SegmentedCodeCache                       = true                                      {product} {ergonomic}
   size_t SoftMaxHeapSize                          = 4139778048                             {manageable} {ergonomic}
     bool UseCompressedClassPointers               = true                           {product lp64_product} {ergonomic}
     bool UseCompressedOops                        = true                           {product lp64_product} {ergonomic}
     bool UseG1GC                                  = true                                      {product} {ergonomic}
     bool UseLargePagesIndividualAllocation        = false                                  {pd product} {ergonomic}

Logging:
Log output configuration:
 #0: stdout all=warning uptime,level,tags
 #1: stderr all=off uptime,level,tags

Environment Variables:
JAVA_HOME=C:\Program Files\Java\jdk1.8.0_241
PATH=C:\Program Files (x86)\VMware\VMware Player\bin\;C:\Python312\Scripts\;C:\Python312\;C:\Program Files (x86)\Common Files\Oracle\Java\javapath;C:\Program Files\Common Files\Oracle\Java\javapath;C:\oraclexe\app\oracle\product\11.2.0\server\bin;C:\Windows\system32;C:\Windows;C:\Windows\System32\Wbem;C:\Windows\System32\WindowsPowerShell\v1.0\;C:\Windows\System32\OpenSSH\;C:\Program Files\Common Files\Autodesk Shared\;C:\Program Files (x86)\Autodesk\Backburner\;C:\Program Files\Git\cmd;C:\ProgramData\DockerDesktop\version-bin;C:\WINDOWS\system32;C:\WINDOWS;C:\WINDOWS\System32\Wbem;C:\WINDOWS\System32\WindowsPowerShell\v1.0\;C:\WINDOWS\System32\OpenSSH\;C:\Program Files (x86)\dotnet\;C:\minikube;C:\Program Files (x86)\NVIDIA Corporation\PhysX\Common;C:\Program Files\Docker\Docker\resources\bin;C:\Program Files\nodejs\;C:\ProgramData\chocolatey\bin;C:\xampp\php;C:\Users\ASUS\scoop\shims;C:\Users\ASUS\AppData\Local\Programs\Python\Python39\Scripts\;C:\Users\ASUS\AppData\Local\Programs\Python\Python39\;C:\Users\ASUS\AppData\Local\Microsoft\WindowsApps;C:\Users\ASUS\AppData\Local\Programs\Microsoft VS Code\bin;C:\Program Files\JetBrains\PyCharm Community Edition 2021.1.3\bin;;C:\dart-sdk\bin;C:\flutter\bin;C:\Users\ASUS\AppData\Roaming\npm;C:\Users\ASUS\AppData\Local\ComposerSetup\bin;C:\Users\ASUS\AppData\Roaming\Composer\vendor\bin
USERNAME=ASUS
OS=Windows_NT
PROCESSOR_IDENTIFIER=AMD64 Family 23 Model 96 Stepping 1, AuthenticAMD
TMP=C:\Users\ASUS\AppData\Local\Temp
TEMP=C:\Users\ASUS\AppData\Local\Temp



Periodic native trim disabled

JNI global refs:
JNI global refs: 0, weak refs: 0

JNI global refs memory usage: 0, weak refs: 0

OOME stack traces (most recent first):
Classloader memory used:


---------------  S Y S T E M  ---------------

OS:
 Windows 11 , 64 bit Build 22621 (10.0.22621.3672)
OS uptime: 19 days 21:32 hours
Hyper-V role detected

CPU: total 16 (initial active 16) (16 cores per cpu, 2 threads per core) family 23 model 96 stepping 1 microcode 0x0, cx8, cmov, fxsr, ht, mmx, 3dnowpref, sse, sse2, sse3, ssse3, sse4a, sse4.1, sse4.2, popcnt, lzcnt, tsc, tscinvbit, avx, avx2, aes, clmul, bmi1, bmi2, adx, sha, fma, vzeroupper, clflush, clflushopt, hv
Processor Information for all 16 processors :
  Max Mhz: 2900, Current Mhz: 2900, Mhz Limit: 2900

Memory: 4k page, system-wide physical 15789M (5209M free)
TotalPageFile size 15789M (AvailPageFile size 2M)
current process WorkingSet (physical memory assigned to process): 13M, peak: 13M
current process commit charge ("private bytes"): 58M, peak: 60M

vm_info: OpenJDK 64-Bit Server VM (17.0.12+1-b1087.25) for windows-amd64 JRE (17.0.12+1-b1087.25), built on 2024-08-30 by "builduser" with MS VC++ 16.10 / 16.11 (VS2019)

END.
